<?xml version="1.0" encoding="UTF-8"?>
<testsuite name="mariadb.AuthorTest" tests="1" skipped="0" failures="0" errors="0" timestamp="2018-03-15T00:43:57" hostname="ctc-30" time="0.002">
  <properties/>
  <testcase name="testAuthor" classname="mariadb.AuthorTest" time="0.002"/>
  <system-out><![CDATA[]]></system-out>
  <system-err><![CDATA[]]></system-err>
</testsuite>
